Unity Editor version:    2021.1.22f1 (a137e5fb0427)
Branch:                  2021.1/staging
Build type:              Release
Batch mode:              YES
macOS version:           Version 11.6 (Build 20G165)
Darwin version:          20.6.0
Architecture:            x86_64
Running under Rosetta:   NO
Available memory:        16384 MB
Using pre-set license
Pro License: NO
Pro License: NO

COMMAND LINE ARGUMENTS:
/Applications/Unity/Hub/Editor/2021.1.22f1/Unity.app/Contents/MacOS/Unity
-adb2
-batchMode
-noUpm
-name
AssetImportWorker0
-projectPath
/Users/eason_wong/Desktop/myCodes/unityProjects/MyFirstGame
-logFile
Logs/AssetImportWorker0.log
-srvPort
54538
Successfully changed project path to: /Users/eason_wong/Desktop/myCodes/unityProjects/MyFirstGame
/Users/eason_wong/Desktop/myCodes/unityProjects/MyFirstGame
Using Asset Import Pipeline V2.
Refreshing native plugins compatible for Editor in 122.12 ms, found 3 plugins.
Preloading 0 native plugins for Editor in 0.00 ms.
Initialize engine version: 2021.1.22f1 (a137e5fb0427)
[Subsystems] Discovering subsystems at path /Applications/Unity/Hub/Editor/2021.1.22f1/Unity.app/Contents/Resources/UnitySubsystems
[Subsystems] Discovering subsystems at path /Users/eason_wong/Desktop/myCodes/unityProjects/MyFirstGame/Assets
GfxDevice: creating device client; threaded=0; jobified=0
2021-12-12 18:01:17.240 Unity[31855:13636900] Color LCD preferred device: Intel(R) Iris(TM) Plus Graphics (low power)
2021-12-12 18:01:17.240 Unity[31855:13636900] Metal devices available: 1
2021-12-12 18:01:17.240 Unity[31855:13636900] 0: Intel(R) Iris(TM) Plus Graphics (low power)
2021-12-12 18:01:17.240 Unity[31855:13636900] Using device Intel(R) Iris(TM) Plus Graphics (low power)
Initializing Metal device caps: Intel(R) Iris(TM) Plus Graphics
Initialize mono
Mono path[0] = '/Applications/Unity/Hub/Editor/2021.1.22f1/Unity.app/Contents/Managed'
Mono path[1] = '/Applications/Unity/Hub/Editor/2021.1.22f1/Unity.app/Contents/MonoBleedingEdge/lib/mono/unityjit'
Mono config path = '/Applications/Unity/Hub/Editor/2021.1.22f1/Unity.app/Contents/MonoBleedingEdge/etc'
Using monoOptions --debugger-agent=transport=dt_socket,embedding=1,server=y,suspend=n,address=127.0.0.1:56855
Begin MonoManager ReloadAssembly
Registering precompiled unity dll's ...
Register platform support module: /Applications/Unity/Hub/Editor/2021.1.22f1/Unity.app/Contents/PlaybackEngines/MacStandaloneSupport/UnityEditor.OSXStandalone.Extensions.dll
Register platform support module: /Applications/Unity/Hub/Editor/2021.1.22f1/PlaybackEngines/WindowsStandaloneSupport/UnityEditor.WindowsStandalone.Extensions.dll
Registered in 0.000722 seconds.
Native extension for WindowsStandalone target not found
Native extension for OSXStandalone target not found
Refreshing native plugins compatible for Editor in 121.95 ms, found 3 plugins.
Preloading 0 native plugins for Editor in 0.00 ms.
Mono: successfully reloaded assembly
- Completed reload, in  3.708 seconds
Domain Reload Profiling:
	ReloadAssembly (3708ms)
		BeginReloadAssembly (52ms)
			ExecutionOrderSort (0ms)
			DisableScriptedObjects (0ms)
			BackupInstance (0ms)
			ReleaseScriptingObjects (0ms)
			CreateAndSetChildDomain (1ms)
		EndReloadAssembly (675ms)
			LoadAssemblies (51ms)
			RebuildTransferFunctionScriptingTraits (0ms)
			SetupTypeCache (248ms)
			ReleaseScriptCaches (0ms)
			RebuildScriptCaches (48ms)
			SetupLoadedEditorAssemblies (323ms)
				LogAssemblyErrors (0ms)
				InitializePlatformSupportModulesInManaged (8ms)
				SetLoadedEditorAssemblies (0ms)
				RefreshPlugins (122ms)
				BeforeProcessingInitializeOnLoad (1ms)
				ProcessInitializeOnLoadAttributes (146ms)
				ProcessInitializeOnLoadMethodAttributes (45ms)
				AfterProcessingInitializeOnLoad (0ms)
				EditorAssembliesLoaded (0ms)
			ExecutionOrderSort2 (0ms)
			AwakeInstancesAfterBackupRestoration (0ms)
Platform modules already initialized, skipping
Registering precompiled user dll's ...
Registered in 0.003260 seconds.
Begin MonoManager ReloadAssembly
Symbol file LoadedFromMemory doesn't match image /Users/eason_wong/Desktop/myCodes/unityProjects/MyFirstGame/Library/PackageCache/com.unity.visualscripting@1.6.1/Editor/VisualScripting.Core/Dependencies/YamlDotNet/Unity.VisualScripting.YamlDotNet.dll
Symbol file LoadedFromMemory doesn't match image /Users/eason_wong/Desktop/myCodes/unityProjects/MyFirstGame/Library/PackageCache/com.unity.visualscripting@1.6.1/Editor/VisualScripting.Core/Dependencies/DotNetZip/Unity.VisualScripting.IonicZip.dll
Native extension for WindowsStandalone target not found
Native extension for OSXStandalone target not found
Refreshing native plugins compatible for Editor in 119.89 ms, found 3 plugins.
Preloading 0 native plugins for Editor in 0.00 ms.
Mono: successfully reloaded assembly
- Completed reload, in  1.665 seconds
Domain Reload Profiling:
	ReloadAssembly (1666ms)
		BeginReloadAssembly (191ms)
			ExecutionOrderSort (0ms)
			DisableScriptedObjects (5ms)
			BackupInstance (0ms)
			ReleaseScriptingObjects (0ms)
			CreateAndSetChildDomain (44ms)
		EndReloadAssembly (1388ms)
			LoadAssemblies (95ms)
			RebuildTransferFunctionScriptingTraits (0ms)
			SetupTypeCache (500ms)
			ReleaseScriptCaches (1ms)
			RebuildScriptCaches (76ms)
			SetupLoadedEditorAssemblies (577ms)
				LogAssemblyErrors (0ms)
				InitializePlatformSupportModulesInManaged (5ms)
				SetLoadedEditorAssemblies (0ms)
				RefreshPlugins (120ms)
				BeforeProcessingInitializeOnLoad (92ms)
				ProcessInitializeOnLoadAttributes (336ms)
				ProcessInitializeOnLoadMethodAttributes (22ms)
				AfterProcessingInitializeOnLoad (2ms)
				EditorAssembliesLoaded (0ms)
			ExecutionOrderSort2 (0ms)
			AwakeInstancesAfterBackupRestoration (8ms)
Platform modules already initialized, skipping
========================================================================
Worker process is ready to serve import requests
Launching external process: /Applications/Unity/Hub/Editor/2021.1.22f1/Unity.app/Contents/Tools/UnityShaderCompiler
Launched and connected shader compiler UnityShaderCompiler after 0.02 seconds
Refreshing native plugins compatible for Editor in 0.72 ms, found 3 plugins.
Preloading 0 native plugins for Editor in 0.00 ms.
Unloading 3683 Unused Serialized files (Serialized files now loaded: 0)
System memory in use before: 255.0 MB.
System memory in use after: 255.1 MB.

Unloading 30 unused Assets to reduce memory usage. Loaded Objects now: 4135.
Total: 3.561022 ms (FindLiveObjects: 0.282040 ms CreateObjectMapping: 0.137824 ms MarkObjects: 3.061520 ms  DeleteObjects: 0.078540 ms)

AssetImportParameters requested are different than current active one (requested -> active):
  custom:video-decoder-ogg-theora: a1e56fd34408186e4bbccfd4996cb3dc -> 
  custom:container-muxer-webm: aa71ff27fc2769a1b78a27578f13a17b -> 
  custom:container-demuxer-webm: 4f35f7cbe854078d1ac9338744f61a02 -> 
  custom:container-demuxer-ogg: 62fdf1f143b41e24485cea50d1cbac27 -> 
  custom:video-encoder-webm-vp8: eb34c28f22e8b96e1ab97ce403110664 -> 
  custom:framework-osx-AVFoundation: e770b220cccbd017edd2c1fefb359320 -> 
  custom:video-decoder-webm-vp8: 9c59270c3fd7afecdb556c50c9e8de78 -> 
  custom:audio-decoder-ogg-vorbis: bf7c407c2cedff20999df2af8eb42d56 -> 
  custom:audio-encoder-webm-vorbis: bf7c407c2cedff20999df2af8eb42d56 -> 
========================================================================
Received Import Request.
  path: Assets/Scenes/MainMenu.unity
  artifactKey: Guid(28d8a493ca72d416480edc09e2aaa796) Importer(815301076,1909f56bfc062723c751e8b465ee728b)
Start importing Assets/Scenes/MainMenu.unity using Guid(28d8a493ca72d416480edc09e2aaa796) Importer(815301076,1909f56bfc062723c751e8b465ee728b)  -> (artifact id: '73c659818331fdb2c541c6119c3f7409') in 0.012785 seconds 
========================================================================
Received Import Request.
  Time since last request: 58.837754 seconds.
  path: Assets/Scenes/GameOverMenu.unity
  artifactKey: Guid(6b7e5ee02c86b420191194481f0597e9) Importer(815301076,1909f56bfc062723c751e8b465ee728b)
Start importing Assets/Scenes/GameOverMenu.unity using Guid(6b7e5ee02c86b420191194481f0597e9) Importer(815301076,1909f56bfc062723c751e8b465ee728b)  -> (artifact id: '80fa54528e7fcd39ee51c41056fe02d8') in 0.004079 seconds 
========================================================================
Received Import Request.
  Time since last request: 236.379212 seconds.
  path: Assets/Scenes/GameOverMenu.unity
  artifactKey: Guid(6b7e5ee02c86b420191194481f0597e9) Importer(815301076,1909f56bfc062723c751e8b465ee728b)
Start importing Assets/Scenes/GameOverMenu.unity using Guid(6b7e5ee02c86b420191194481f0597e9) Importer(815301076,1909f56bfc062723c751e8b465ee728b)  -> (artifact id: 'ed9a1e974691522b3363f300aa474c9c') in 0.004041 seconds 
========================================================================
Received Import Request.
  Time since last request: 54.471940 seconds.
  path: Assets/Scenes/GameOverMenu.unity
  artifactKey: Guid(6b7e5ee02c86b420191194481f0597e9) Importer(815301076,1909f56bfc062723c751e8b465ee728b)
Start importing Assets/Scenes/GameOverMenu.unity using Guid(6b7e5ee02c86b420191194481f0597e9) Importer(815301076,1909f56bfc062723c751e8b465ee728b)  -> (artifact id: 'bcbcbf2db6f2b388f2d83d2f2ae1ba80') in 0.002427 seconds 
========================================================================
Received Prepare
Registering precompiled user dll's ...
Registered in 0.002708 seconds.
Begin MonoManager ReloadAssembly
Symbol file LoadedFromMemory doesn't match image /Users/eason_wong/Desktop/myCodes/unityProjects/MyFirstGame/Library/PackageCache/com.unity.visualscripting@1.6.1/Editor/VisualScripting.Core/Dependencies/YamlDotNet/Unity.VisualScripting.YamlDotNet.dll
Symbol file LoadedFromMemory doesn't match image /Users/eason_wong/Desktop/myCodes/unityProjects/MyFirstGame/Library/PackageCache/com.unity.visualscripting@1.6.1/Editor/VisualScripting.Core/Dependencies/DotNetZip/Unity.VisualScripting.IonicZip.dll
Native extension for WindowsStandalone target not found
Native extension for OSXStandalone target not found
Refreshing native plugins compatible for Editor in 0.77 ms, found 3 plugins.
Preloading 0 native plugins for Editor in 0.00 ms.
Mono: successfully reloaded assembly
- Completed reload, in  1.493 seconds
Domain Reload Profiling:
	ReloadAssembly (1494ms)
		BeginReloadAssembly (167ms)
			ExecutionOrderSort (0ms)
			DisableScriptedObjects (8ms)
			BackupInstance (0ms)
			ReleaseScriptingObjects (0ms)
			CreateAndSetChildDomain (97ms)
		EndReloadAssembly (1241ms)
			LoadAssemblies (89ms)
			RebuildTransferFunctionScriptingTraits (0ms)
			SetupTypeCache (539ms)
			ReleaseScriptCaches (2ms)
			RebuildScriptCaches (73ms)
			SetupLoadedEditorAssemblies (381ms)
				LogAssemblyErrors (0ms)
				InitializePlatformSupportModulesInManaged (5ms)
				SetLoadedEditorAssemblies (0ms)
				RefreshPlugins (1ms)
				BeforeProcessingInitializeOnLoad (60ms)
				ProcessInitializeOnLoadAttributes (300ms)
				ProcessInitializeOnLoadMethodAttributes (12ms)
				AfterProcessingInitializeOnLoad (2ms)
				EditorAssembliesLoaded (0ms)
			ExecutionOrderSort2 (0ms)
			AwakeInstancesAfterBackupRestoration (16ms)
Platform modules already initialized, skipping
Refreshing native plugins compatible for Editor in 0.70 ms, found 3 plugins.
Preloading 0 native plugins for Editor in 0.00 ms.
Unloading 3673 Unused Serialized files (Serialized files now loaded: 0)
System memory in use before: 256.8 MB.
System memory in use after: 257.1 MB.

Unloading 18 unused Assets to reduce memory usage. Loaded Objects now: 4138.
Total: 3.953646 ms (FindLiveObjects: 0.233219 ms CreateObjectMapping: 0.120949 ms MarkObjects: 3.569973 ms  DeleteObjects: 0.028207 ms)

AssetImportParameters requested are different than current active one (requested -> active):
  custom:video-decoder-ogg-theora: a1e56fd34408186e4bbccfd4996cb3dc -> 
  custom:container-muxer-webm: aa71ff27fc2769a1b78a27578f13a17b -> 
  custom:container-demuxer-webm: 4f35f7cbe854078d1ac9338744f61a02 -> 
  custom:container-demuxer-ogg: 62fdf1f143b41e24485cea50d1cbac27 -> 
  custom:video-encoder-webm-vp8: eb34c28f22e8b96e1ab97ce403110664 -> 
  custom:framework-osx-AVFoundation: e770b220cccbd017edd2c1fefb359320 -> 
  custom:video-decoder-webm-vp8: 9c59270c3fd7afecdb556c50c9e8de78 -> 
  custom:audio-decoder-ogg-vorbis: bf7c407c2cedff20999df2af8eb42d56 -> 
  custom:audio-encoder-webm-vorbis: bf7c407c2cedff20999df2af8eb42d56 -> 
========================================================================
Received Import Request.
  Time since last request: 217.517955 seconds.
  path: Assets/Scenes/GameOverMenu.unity
  artifactKey: Guid(6b7e5ee02c86b420191194481f0597e9) Importer(815301076,1909f56bfc062723c751e8b465ee728b)
Start importing Assets/Scenes/GameOverMenu.unity using Guid(6b7e5ee02c86b420191194481f0597e9) Importer(815301076,1909f56bfc062723c751e8b465ee728b)  -> (artifact id: '769b9297090a7f30c21caf41e3a8d37b') in 0.018873 seconds 
========================================================================
Received Import Request.
  Time since last request: 88.516258 seconds.
  path: Assets/Scenes/GameOverMenu.unity
  artifactKey: Guid(6b7e5ee02c86b420191194481f0597e9) Importer(815301076,1909f56bfc062723c751e8b465ee728b)
Start importing Assets/Scenes/GameOverMenu.unity using Guid(6b7e5ee02c86b420191194481f0597e9) Importer(815301076,1909f56bfc062723c751e8b465ee728b)  -> (artifact id: '127eafdaa68101db0f664a49d7acf82f') in 0.004254 seconds 
========================================================================
Received Import Request.
  Time since last request: 147.096475 seconds.
  path: Assets/Scenes/GameOverMenu.unity
  artifactKey: Guid(6b7e5ee02c86b420191194481f0597e9) Importer(815301076,1909f56bfc062723c751e8b465ee728b)
Start importing Assets/Scenes/GameOverMenu.unity using Guid(6b7e5ee02c86b420191194481f0597e9) Importer(815301076,1909f56bfc062723c751e8b465ee728b)  -> (artifact id: 'bf5d031dd292c7c8d10e5ecaa3232182') in 0.004127 seconds 
========================================================================
Received Import Request.
  Time since last request: 157.230119 seconds.
  path: Assets/Scenes/GameOverMenu.unity
  artifactKey: Guid(6b7e5ee02c86b420191194481f0597e9) Importer(815301076,1909f56bfc062723c751e8b465ee728b)
Start importing Assets/Scenes/GameOverMenu.unity using Guid(6b7e5ee02c86b420191194481f0597e9) Importer(815301076,1909f56bfc062723c751e8b465ee728b)  -> (artifact id: '17bcd7812fdefbbc7aac747ad10ab02f') in 0.004196 seconds 
========================================================================
Received Import Request.
  Time since last request: 98.176893 seconds.
  path: Assets/Scenes/MainMenu.unity
  artifactKey: Guid(28d8a493ca72d416480edc09e2aaa796) Importer(815301076,1909f56bfc062723c751e8b465ee728b)
Start importing Assets/Scenes/MainMenu.unity using Guid(28d8a493ca72d416480edc09e2aaa796) Importer(815301076,1909f56bfc062723c751e8b465ee728b)  -> (artifact id: '3e0602de31e9b0b57814d75cc4ccecc5') in 0.003722 seconds 
========================================================================
Received Import Request.
  Time since last request: 30.522353 seconds.
  path: Assets/Scenes/GameOverMenu.unity
  artifactKey: Guid(6b7e5ee02c86b420191194481f0597e9) Importer(815301076,1909f56bfc062723c751e8b465ee728b)
Start importing Assets/Scenes/GameOverMenu.unity using Guid(6b7e5ee02c86b420191194481f0597e9) Importer(815301076,1909f56bfc062723c751e8b465ee728b)  -> (artifact id: 'e6794415e9c98400f1429a348ec45107') in 0.004175 seconds 
========================================================================
Received Prepare
Registering precompiled user dll's ...
Registered in 0.002921 seconds.
Begin MonoManager ReloadAssembly
Symbol file LoadedFromMemory doesn't match image /Users/eason_wong/Desktop/myCodes/unityProjects/MyFirstGame/Library/PackageCache/com.unity.visualscripting@1.6.1/Editor/VisualScripting.Core/Dependencies/YamlDotNet/Unity.VisualScripting.YamlDotNet.dll
Symbol file LoadedFromMemory doesn't match image /Users/eason_wong/Desktop/myCodes/unityProjects/MyFirstGame/Library/PackageCache/com.unity.visualscripting@1.6.1/Editor/VisualScripting.Core/Dependencies/DotNetZip/Unity.VisualScripting.IonicZip.dll
Native extension for WindowsStandalone target not found
Native extension for OSXStandalone target not found
Refreshing native plugins compatible for Editor in 0.65 ms, found 3 plugins.
Preloading 0 native plugins for Editor in 0.00 ms.
Mono: successfully reloaded assembly
- Completed reload, in  1.432 seconds
Domain Reload Profiling:
	ReloadAssembly (1432ms)
		BeginReloadAssembly (165ms)
			ExecutionOrderSort (0ms)
			DisableScriptedObjects (7ms)
			BackupInstance (0ms)
			ReleaseScriptingObjects (0ms)
			CreateAndSetChildDomain (93ms)
		EndReloadAssembly (1187ms)
			LoadAssemblies (92ms)
			RebuildTransferFunctionScriptingTraits (0ms)
			SetupTypeCache (497ms)
			ReleaseScriptCaches (1ms)
			RebuildScriptCaches (70ms)
			SetupLoadedEditorAssemblies (371ms)
				LogAssemblyErrors (0ms)
				InitializePlatformSupportModulesInManaged (6ms)
				SetLoadedEditorAssemblies (1ms)
				RefreshPlugins (1ms)
				BeforeProcessingInitializeOnLoad (66ms)
				ProcessInitializeOnLoadAttributes (285ms)
				ProcessInitializeOnLoadMethodAttributes (11ms)
				AfterProcessingInitializeOnLoad (1ms)
				EditorAssembliesLoaded (0ms)
			ExecutionOrderSort2 (0ms)
			AwakeInstancesAfterBackupRestoration (15ms)
Platform modules already initialized, skipping
Refreshing native plugins compatible for Editor in 0.65 ms, found 3 plugins.
Preloading 0 native plugins for Editor in 0.00 ms.
Unloading 3673 Unused Serialized files (Serialized files now loaded: 0)
System memory in use before: 257.1 MB.
System memory in use after: 257.4 MB.

Unloading 18 unused Assets to reduce memory usage. Loaded Objects now: 4141.
Total: 3.496046 ms (FindLiveObjects: 0.327659 ms CreateObjectMapping: 0.121052 ms MarkObjects: 3.022765 ms  DeleteObjects: 0.023787 ms)

AssetImportParameters requested are different than current active one (requested -> active):
  custom:video-decoder-ogg-theora: a1e56fd34408186e4bbccfd4996cb3dc -> 
  custom:container-muxer-webm: aa71ff27fc2769a1b78a27578f13a17b -> 
  custom:container-demuxer-webm: 4f35f7cbe854078d1ac9338744f61a02 -> 
  custom:container-demuxer-ogg: 62fdf1f143b41e24485cea50d1cbac27 -> 
  custom:video-encoder-webm-vp8: eb34c28f22e8b96e1ab97ce403110664 -> 
  custom:framework-osx-AVFoundation: e770b220cccbd017edd2c1fefb359320 -> 
  custom:video-decoder-webm-vp8: 9c59270c3fd7afecdb556c50c9e8de78 -> 
  custom:audio-decoder-ogg-vorbis: bf7c407c2cedff20999df2af8eb42d56 -> 
  custom:audio-encoder-webm-vorbis: bf7c407c2cedff20999df2af8eb42d56 -> 
========================================================================
Received Import Request.
  Time since last request: 314.653616 seconds.
  path: ProjectSettings/TagManager.asset
  artifactKey: Guid(00000000000000003000000000000000) Importer(815301076,1909f56bfc062723c751e8b465ee728b)
Start importing ProjectSettings/TagManager.asset using Guid(00000000000000003000000000000000) Importer(815301076,1909f56bfc062723c751e8b465ee728b)  -> (artifact id: 'd4a0327fa51e4b4a5b87f1887c7258f1') in 1.391911 seconds 
========================================================================
Received Import Request.
  Time since last request: 20.195155 seconds.
  path: Assets/Scenes/GameOverMenu.unity
  artifactKey: Guid(6b7e5ee02c86b420191194481f0597e9) Importer(815301076,1909f56bfc062723c751e8b465ee728b)
Start importing Assets/Scenes/GameOverMenu.unity using Guid(6b7e5ee02c86b420191194481f0597e9) Importer(815301076,1909f56bfc062723c751e8b465ee728b)  -> (artifact id: 'edd4a0dd8b7c484d7f205b84f2d5ca61') in 0.003331 seconds 
========================================================================
Received Import Request.
  Time since last request: 409.615111 seconds.
  path: Assets/Scenes/GameOverMenu.unity
  artifactKey: Guid(6b7e5ee02c86b420191194481f0597e9) Importer(815301076,1909f56bfc062723c751e8b465ee728b)
Start importing Assets/Scenes/GameOverMenu.unity using Guid(6b7e5ee02c86b420191194481f0597e9) Importer(815301076,1909f56bfc062723c751e8b465ee728b)  -> (artifact id: '5ded052dede83634a1c52d60fbccb0ea') in 0.005003 seconds 
AssetImportWorkerClient::OnTransportError - code=2 error=End of file
